#
# There is insufficient memory for the Java Runtime Environment to continue.
# Native memory allocation (mmap) failed to map 171966464 bytes for G1 virtual space
# Possible reasons:
#   The system is out of physical RAM or swap space
#   The process is running with CompressedOops enabled, and the Java Heap may be blocking the growth of the native heap
# Possible solutions:
#   Reduce memory load on the system
#   Increase physical memory or swap space
#   Check if swap backing store is full
#   Decrease Java heap size (-Xmx/-Xms)
#   Decrease number of Java threads
#   Decrease Java thread stack sizes (-Xss)
#   Set larger code cache with -XX:ReservedCodeCacheSize=
#   JVM is running with Zero Based Compressed Oops mode in which the Java heap is
#     placed in the first 32GB address space. The Java Heap base address is the
#     maximum limit for the native heap growth. Please use -XX:HeapBaseMinAddress
#     to set the Java Heap base and to place the Java Heap above 32GB virtual address.
# This output file may be truncated or incomplete.
#
#  Out of Memory Error (os_windows.cpp:3469), pid=16196, tid=15600
#
# JRE version:  (17.0.1+12) (build )
# Java VM: Java HotSpot(TM) 64-Bit Server VM (17.0.1+12-LTS-39, mixed mode, sharing, tiered, compressed oops, compressed class ptrs, g1 gc, windows-amd64)
# No core dump will be written. Minidumps are not enabled by default on client versions of Windows
#

---------------  S U M M A R Y ------------

Command Line: -Dfile.encoding=Cp1252 -XX:+ShowCodeDetailsInExceptionMessages supermercado.Test

Host: AMD Ryzen 5 3500U with Radeon Vega Mobile Gfx  , 4 cores, 10G,  Windows 10 , 64 bit Build 22000 (10.0.22000.675)
Time: Sun May 15 13:49:57 2022 Hora de verano romance elapsed time: 0.021069 seconds (0d 0h 0m 0s)

---------------  T H R E A D  ---------------

Current thread (0x000002833131b370):  JavaThread "Unknown thread" [_thread_in_vm, id=15600, stack(0x000000a75d800000,0x000000a75d900000)]

Stack: [0x000000a75d800000,0x000000a75d900000]
Native frames: (J=compiled Java code, j=interpreted, Vv=VM code, C=native code)
V  [jvm.dll+0x66fa1a]
V  [jvm.dll+0x7ce5a4]
V  [jvm.dll+0x7cfd4e]
V  [jvm.dll+0x7d03b3]
V  [jvm.dll+0x242b05]
V  [jvm.dll+0x66ca39]
V  [jvm.dll+0x661502]
V  [jvm.dll+0x30081b]
V  [jvm.dll+0x307da6]
V  [jvm.dll+0x357a1e]
V  [jvm.dll+0x357c4f]
V  [jvm.dll+0x2d7ad8]
V  [jvm.dll+0x2d8a44]
V  [jvm.dll+0x7a01e1]
V  [jvm.dll+0x365791]
V  [jvm.dll+0x77f6cc]
V  [jvm.dll+0x3e812f]
V  [jvm.dll+0x3e9bd1]
C  [jli.dll+0x527b]
C  [ucrtbase.dll+0x26c0c]
C  [KERNEL32.DLL+0x154e0]
C  [ntdll.dll+0x485b]


---------------  P R O C E S S  ---------------

Threads class SMR info:
_java_thread_list=0x00007ffe64157818, length=0, elements={
}

Java Threads: ( => current thread )

Other Threads:
  0x00000283313584e0 GCTaskThread "GC Thread#0" [stack: 0x000000a75d900000,0x000000a75da00000] [id=6680]
  0x00000283313643e0 ConcurrentGCThread "G1 Main Marker" [stack: 0x000000a75da00000,0x000000a75db00000] [id=14916]
  0x0000028331364df0 ConcurrentGCThread "G1 Conc#0" [stack: 0x000000a75db00000,0x000000a75dc00000] [id=14860]

[error occurred during error reporting (printing all threads), id 0xc0000005, EXCEPTION_ACCESS_VIOLATION (0xc0000005) at pc=0x00007ffe639a84b7]

VM state: not at safepoint (not fully initialized)

VM Mutex/Monitor currently owned by a thread:  ([mutex/lock_event])
[0x0000028331316b60] Heap_lock - owner thread: 0x000002833131b370

Heap address: 0x000000075de00000, size: 2594 MB, Compressed Oops mode: Zero based, Oop shift amount: 3

CDS archive(s) mapped at: [0x0000000000000000-0x0000000000000000-0x0000000000000000), size 0, SharedBaseAddress: 0x0000000800000000, ArchiveRelocationMode: 0.
Narrow klass base: 0x0000000000000000, Narrow klass shift: 0, Narrow klass range: 0x0

GC Precious Log:
<Empty>

Heap:
 garbage-first heap   total 0K, used 0K [0x000000075de00000, 0x0000000800000000)
  region size 2048K, 0 young (0K), 0 survivors (0K)

[error occurred during error reporting (printing heap information), id 0xc0000005, EXCEPTION_ACCESS_VIOLATION (0xc0000005) at pc=0x00007ffe63d88d89]

GC Heap History (0 events):
No events

Deoptimization events (0 events):
No events

Classes unloaded (0 events):
No events

Classes redefined (0 events):
No events

Internal exceptions (0 events):
No events

VM Operations (0 events):
No events

Events (1 events):
Event: 0.014 Loaded shared library C:\Program Files\Java\jdk-17.0.1\bin\java.dll


Dynamic libraries:
0x00007ff62b8d0000 - 0x00007ff62b8e0000 	C:\Program Files\Java\jdk-17.0.1\bin\javaw.exe
0x00007ffe994e0000 - 0x00007ffe996e9000 	C:\Windows\SYSTEM32\ntdll.dll
0x00007ffe98870000 - 0x00007ffe9892d000 	C:\Windows\System32\KERNEL32.DLL
0x00007ffe96da0000 - 0x00007ffe97119000 	C:\Windows\System32\KERNELBASE.dll
0x00007ffe969d0000 - 0x00007ffe96ae1000 	C:\Windows\System32\ucrtbase.dll
0x00007ffe917c0000 - 0x00007ffe917d8000 	C:\Program Files\Java\jdk-17.0.1\bin\jli.dll
0x00007ffe993f0000 - 0x00007ffe9949e000 	C:\Windows\System32\ADVAPI32.dll
0x00007ffe97f40000 - 0x00007ffe97fe3000 	C:\Windows\System32\msvcrt.dll
0x00007ffe97430000 - 0x00007ffe974ce000 	C:\Windows\System32\sechost.dll
0x00007ffe98e30000 - 0x00007ffe98f50000 	C:\Windows\System32\RPCRT4.dll
0x00007ffe98bb0000 - 0x00007ffe98d5c000 	C:\Windows\System32\USER32.dll
0x00007ffe971e0000 - 0x00007ffe97206000 	C:\Windows\System32\win32u.dll
0x00007ffe97400000 - 0x00007ffe97429000 	C:\Windows\System32\GDI32.dll
0x00007ffe96b90000 - 0x00007ffe96ca2000 	C:\Windows\System32\gdi32full.dll
0x00007ffe96af0000 - 0x00007ffe96b8d000 	C:\Windows\System32\msvcp_win.dll
0x00007ffe83b60000 - 0x00007ffe83b7a000 	C:\Program Files\Java\jdk-17.0.1\bin\VCRUNTIME140.dll
0x00007ffe87db0000 - 0x00007ffe88055000 	C:\Windows\WinSxS\amd64_microsoft.windows.common-controls_6595b64144ccf1df_6.0.22000.120_none_9d947278b86cc467\COMCTL32.dll
0x00007ffe8efb0000 - 0x00007ffe8efba000 	C:\Windows\SYSTEM32\VERSION.dll
0x00007ffe98820000 - 0x00007ffe98851000 	C:\Windows\System32\IMM32.DLL
0x00007ffe91820000 - 0x00007ffe9182c000 	C:\Program Files\Java\jdk-17.0.1\bin\vcruntime140_1.dll
0x00007ffe76eb0000 - 0x00007ffe76f3d000 	C:\Program Files\Java\jdk-17.0.1\bin\msvcp140.dll
0x00007ffe636c0000 - 0x00007ffe6427e000 	C:\Program Files\Java\jdk-17.0.1\bin\server\jvm.dll
0x00007ffe993c0000 - 0x00007ffe993c8000 	C:\Windows\System32\PSAPI.DLL
0x00007ffe912d0000 - 0x00007ffe912d9000 	C:\Windows\SYSTEM32\WSOCK32.dll
0x00007ffe98d60000 - 0x00007ffe98dcf000 	C:\Windows\System32\WS2_32.dll
0x00007ffe81cc0000 - 0x00007ffe81cf3000 	C:\Windows\SYSTEM32\WINMM.dll
0x00007ffe95ad0000 - 0x00007ffe95ae8000 	C:\Windows\SYSTEM32\kernel.appcore.dll
0x00007ffe84ac0000 - 0x00007ffe84aca000 	C:\Program Files\Java\jdk-17.0.1\bin\jimage.dll
0x00007ffe8b510000 - 0x00007ffe8b731000 	C:\Windows\SYSTEM32\DBGHELP.DLL
0x00007ffe8ab90000 - 0x00007ffe8abc1000 	C:\Windows\SYSTEM32\dbgcore.DLL
0x00007ffe96d20000 - 0x00007ffe96d9f000 	C:\Windows\System32\bcryptPrimitives.dll
0x00007ffe7b9a0000 - 0x00007ffe7b9c5000 	C:\Program Files\Java\jdk-17.0.1\bin\java.dll

dbghelp: loaded successfully - version: 4.0.5 - missing functions: none
symbol engine: initialized successfully - sym options: 0x614 - pdb path: .;C:\Program Files\Java\jdk-17.0.1\bin;C:\Windows\SYSTEM32;C:\Windows\WinSxS\amd64_microsoft.windows.common-controls_6595b64144ccf1df_6.0.22000.120_none_9d947278b86cc467;C:\Program Files\Java\jdk-17.0.1\bin\server

VM Arguments:
jvm_args: -Dfile.encoding=Cp1252 -XX:+ShowCodeDetailsInExceptionMessages 
java_command: supermercado.Test
java_class_path (initial): C:\Users\David\Desktop\DAW\Programación\Actividades\Java\PF\E3_PF_DavidMoreno\bin;C:\Users\David\Desktop\DAW\Programación\Actividades\Java\PF\E3_PF_DavidMoreno\mysql-connector-java-8.0.28.jar
Launcher Type: SUN_STANDARD

[Global flags]
     intx CICompilerCount                          = 3                                         {product} {ergonomic}
     uint ConcGCThreads                            = 1                                         {product} {ergonomic}
     uint G1ConcRefinementThreads                  = 4                                         {product} {ergonomic}
   size_t G1HeapRegionSize                         = 2097152                                   {product} {ergonomic}
    uintx GCDrainStackTargetSize                   = 64                                        {product} {ergonomic}
   size_t InitialHeapSize                          = 171966464                                 {product} {ergonomic}
   size_t MarkStackSize                            = 4194304                                   {product} {ergonomic}
   size_t MaxHeapSize                              = 2720006144                                {product} {ergonomic}
   size_t MinHeapDeltaBytes                        = 2097152                                   {product} {ergonomic}
   size_t MinHeapSize                              = 8388608                                   {product} {ergonomic}
    uintx NonNMethodCodeHeapSize                   = 5832780                                {pd product} {ergonomic}
    uintx NonProfiledCodeHeapSize                  = 122912730                              {pd product} {ergonomic}
    uintx ProfiledCodeHeapSize                     = 122912730                              {pd product} {ergonomic}
    uintx ReservedCodeCacheSize                    = 251658240                              {pd product} {ergonomic}
     bool SegmentedCodeCache                       = true                                      {product} {ergonomic}
     bool ShowCodeDetailsInExceptionMessages       = true                                   {manageable} {command line}
   size_t SoftMaxHeapSize                          = 2720006144                             {manageable} {ergonomic}
     bool UseCompressedClassPointers               = true                           {product lp64_product} {ergonomic}
     bool UseCompressedOops                        = true                           {product lp64_product} {ergonomic}
     bool UseG1GC                                  = true                                      {product} {ergonomic}
     bool UseLargePagesIndividualAllocation        = false                                  {pd product} {ergonomic}

Logging:
Log output configuration:
 #0: stdout all=warning uptime,level,tags
 #1: stderr all=off uptime,level,tags

Environment Variables:
JAVA_HOME=C:\Program Files\Java\jdk-17.0.1
PATH=C:\Program Files\Common Files\Oracle\Java\javapath;C:\Windows\system32;C:\Windows;C:\Windows\System32\Wbem;C:\Windows\System32\WindowsPowerShell\v1.0\;C:\Windows\System32\OpenSSH\;C:\Program Files\mingw-w64\x86_64-8.1.0-posix-seh-rt_v6-rev0;C:\Program Files\Git\cmd;C:\Program Files\MySQL\MySQL Shell 8.0\bin\;C:\Users\David\AppData\Local\Microsoft\WindowsApps;C:\Users\David\AppData\Local\Programs\Microsoft VS Code\bin;C:\Program Files (x86)\Dev-Cpp\MinGW64\bin;C:\Program Files\mingw-w64\x86_64-8.1.0-posix-seh-rt_v6-rev0;
USERNAME=David
OS=Windows_NT
PROCESSOR_IDENTIFIER=AMD64 Family 23 Model 24 Stepping 1, AuthenticAMD



---------------  S Y S T E M  ---------------

OS:
 Windows 10 , 64 bit Build 22000 (10.0.22000.675)
OS uptime: 0 days 1:24 hours
Hyper-V virtualization detected

CPU: total 4 (initial active 4) (4 cores per cpu, 2 threads per core) family 23 model 24 stepping 1 microcode 0x0, cx8, cmov, fxsr, ht, mmx, 3dnowpref, sse, sse2, sse3, ssse3, sse4a, sse4.1, sse4.2, popcnt, lzcnt, tsc, tscinvbit, avx, avx2, aes, clmul, bmi1, bmi2, adx, sha, fma, vzeroupper, clflush, clflushopt, hv

Memory: 4k page, system-wide physical 10372M (1990M free)
TotalPageFile size 17962M (AvailPageFile size 68M)
current process WorkingSet (physical memory assigned to process): 10M, peak: 10M
current process commit charge ("private bytes"): 51M, peak: 215M

vm_info: Java HotSpot(TM) 64-Bit Server VM (17.0.1+12-LTS-39) for windows-amd64 JRE (17.0.1+12-LTS-39), built on Sep 27 2021 18:41:35 by "mach5one" with MS VC++ 16.8 (VS2019)

END.
